Using pre-set license

 COMMAND LINE ARGUMENTS:
/Applications/Unity/Hub/Editor/2020.3.16f1/Unity.app/Contents/MacOS/Unity
-adb2
-batchMode
-noUpm
-name
AssetImportWorker16
-projectPath
/Users/stevehechio/CreateWithCode/Match 3 Game
-logFile
Logs/AssetImportWorker16.log
-srvPort
49641
Successfully changed project path to: /Users/stevehechio/CreateWithCode/Match 3 Game
/Users/stevehechio/CreateWithCode/Match 3 Game
Using Asset Import Pipeline V2.
Refreshing native plugins compatible for Editor in 1856.01 ms, found 3 plugins.
Preloading 0 native plugins for Editor in 0.00 ms.
Initialize engine version: 2020.3.16f1 (049d6eca3c44)
[Subsystems] Discovering subsystems at path /Applications/Unity/Hub/Editor/2020.3.16f1/Unity.app/Contents/Resources/UnitySubsystems
[Subsystems] Discovering subsystems at path /Users/stevehechio/CreateWithCode/Match 3 Game/Assets
GfxDevice: creating device client; threaded=0
2021-10-12 08:15:44.529 Unity[1060:22188] iMac preferred device: NVIDIA GeForce GT 755M (high power)
2021-10-12 08:15:44.529 Unity[1060:22188] Metal devices available: 1
2021-10-12 08:15:44.529 Unity[1060:22188] 0: NVIDIA GeForce GT 755M (high power)
2021-10-12 08:15:44.571 Unity[1060:22188] Using device NVIDIA GeForce GT 755M (high power)
Initializing Metal device caps: NVIDIA GeForce GT 755M
