Using pre-set license

 COMMAND LINE ARGUMENTS:
/Applications/Unity/Hub/Editor/2020.3.16f1/Unity.app/Contents/MacOS/Unity
-adb2
-batchMode
-noUpm
-name
AssetImportWorker61
-projectPath
/Users/stevehechio/CreateWithCode/Match 3 Game
-logFile
Logs/AssetImportWorker61.log
-srvPort
49641
Successfully changed project path to: /Users/stevehechio/CreateWithCode/Match 3 Game
/Users/stevehechio/CreateWithCode/Match 3 Game
Using Asset Import Pipeline V2.
Refreshing native plugins compatible for Editor in 271.03 ms, found 3 plugins.
Preloading 0 native plugins for Editor in 0.00 ms.
Initialize engine version: 2020.3.16f1 (049d6eca3c44)
[Subsystems] Discovering subsystems at path /Applications/Unity/Hub/Editor/2020.3.16f1/Unity.app/Contents/Resources/UnitySubsystems
[Subsystems] Discovering subsystems at path /Users/stevehechio/CreateWithCode/Match 3 Game/Assets
GfxDevice: creating device client; threaded=0
2021-10-12 08:39:44.031 Unity[1496:36943] iMac preferred device: NVIDIA GeForce GT 755M (high power)
2021-10-12 08:39:44.031 Unity[1496:36943] Metal devices available: 1
2021-10-12 08:39:44.031 Unity[1496:36943] 0: NVIDIA GeForce GT 755M (high power)
2021-10-12 08:39:44.032 Unity[1496:36943] Using device NVIDIA GeForce GT 755M (high power)
Initializing Metal device caps: NVIDIA GeForce GT 755M
Initialize mono
Mono path[0] = '/Applications/Unity/Hub/Editor/2020.3.16f1/Unity.app/Contents/Managed'
Mono path[1] = '/Applications/Unity/Hub/Editor/2020.3.16f1/Unity.app/Contents/MonoBleedingEdge/lib/mono/unityjit'
Mono config path = '/Applications/Unity/Hub/Editor/2020.3.16f1/Unity.app/Contents/MonoBleedingEdge/etc'
Using monoOptions --debugger-agent=transport=dt_socket,embedding=1,server=y,suspend=n,address=127.0.0.1:56496
Begin MonoManager ReloadAssembly
Registering precompiled unity dll's ...
Register platform support module: /Applications/Unity/Hub/Editor/2020.3.16f1/Unity.app/Contents/PlaybackEngines/MacStandaloneSupport/UnityEditor.OSXStandalone.Extensions.dll
